#
# A fatal error has been detected by the Java Runtime Environment:
#
#  EXCEPTION_ACCESS_VIOLATION (0xc0000005) at pc=0x00007ffbaffb4a21, pid=8160, tid=13592
#
# JRE version: OpenJDK Runtime Environment Temurin-17.0.10+7 (17.0.10+7) (build 17.0.10+7)
# Java VM: OpenJDK 64-Bit Server VM Temurin-17.0.10+7 (17.0.10+7, mixed mode, emulated-client, tiered, compressed oops, compressed class ptrs, g1 gc, windows-amd64)
# Problematic frame:
# V  [jvm.dll+0x2f4a21]
#
# No core dump will be written. Minidumps are not enabled by default on client versions of Windows
#
# If you would like to submit a bug report, please visit:
#   https://github.com/adoptium/adoptium-support/issues
#

---------------  S U M M A R Y ------------

Command Line: -Dcom.sun.management.jmxremote -Dcom.sun.management.jmxremote.port=52271 -Dcom.sun.management.jmxremote.authenticate=false -Dcom.sun.management.jmxremote.ssl=false -Djava.rmi.server.hostname=localhost -Dspring.jmx.enabled=true -Dmanagement.endpoints.jmx.exposure.include=* -Dspring.application.admin.enabled=true -XX:TieredStopAtLevel=1 -Dspring.boot.project.name=EnjoyTrip_Backend_Final -Dfile.encoding=UTF-8 -Dstdout.encoding=UTF-8 -Dstderr.encoding=UTF-8 -XX:+ShowCodeDetailsInExceptionMessages com.ssafy.enjoytrip.EnjoyTripBackendFinalApplication --spring.output.ansi.enabled=always

Host: AMD Ryzen 7 PRO 4750U with Radeon Graphics, 16 cores, 15G,  Windows 11 , 64 bit Build 22621 (10.0.22621.3527)
Time: Sun May 19 12:25:53 2024  Windows 11 , 64 bit Build 22621 (10.0.22621.3527) elapsed time: 66.192526 seconds (0d 0h 1m 6s)

---------------  T H R E A D  ---------------

Current thread (0x0000028db1978fd0):  GCTaskThread "GC Thread#7" [stack: 0x000000a879600000,0x000000a879700000] [id=13592]

Stack: [0x000000a879600000,0x000000a879700000],  sp=0x000000a8796ff450,  free space=1021k
Native frames: (J=compiled Java code, j=interpreted, Vv=VM code, C=native code)
V  [jvm.dll+0x2f4a21]
V  [jvm.dll+0x2f2f1a]
V  [jvm.dll+0x2f9184]
V  [jvm.dll+0x2f92b8]
V  [jvm.dll+0x2f89ad]
V  [jvm.dll+0x2f823d]
V  [jvm.dll+0x86226b]
V  [jvm.dll+0x8622b6]
V  [jvm.dll+0x7e3fba]
V  [jvm.dll+0x67c1b5]
C  [ucrtbase.dll+0x29333]
C  [KERNEL32.DLL+0x1257d]
C  [ntdll.dll+0x5aa48]


siginfo: EXCEPTION_ACCESS_VIOLATION (0xc0000005), reading address 0xffffffffffffffff


Registers:
RAX=0x0000028da5990000, RBX=0x0000028d99870bb0, RCX=0x00000000000000a3, RDX=0x1fffffff993a4ca3
RSP=0x000000a8796ff450, RBP=0x000000070b2b6dfc, RSI=0x0000028db26adb20, RDI=0x00000003d4726518
R8 =0x0400028d98c04990, R9 =0x0000000800000000, R10=0x0000000000000000, R11=0x0000000800000000
R12=0x000000080012cf10, R13=0x000000070b2b6de0, R14=0x000000080012cf08, R15=0x0000028db26ae0d0
RIP=0x00007ffbaffb4a21, EFLAGS=0x0000000000010213


Register to memory mapping:

RIP=0x00007ffbaffb4a21 jvm.dll
RAX=0x0000028da5990000 points into unknown readable memory: 0x0890088049009201 | 01 92 00 49 80 08 90 08
RBX=0x0000028d99870bb0 points into unknown readable memory: 0x00007ffbb0614b38 | 38 4b 61 b0 fb 7f 00 00
RCX=0x00000000000000a3 is an unknown value
RDX=0x1fffffff993a4ca3 is an unknown value
RSP=0x000000a8796ff450 points into unknown readable memory: 0x0000028d99870bb0 | b0 0b 87 99 8d 02 00 00
RBP=0x000000070b2b6dfc is pointing into object: sun.util.locale.BaseLocale$Key 
{0x000000070b2b6de0} - klass: 'sun/util/locale/BaseLocale$Key'
 - ---- fields (total size 4 words):
 - private final 'hash' 'I' @12  3002868 (2dd1f4)
 - private final 'normalized' 'Z' @16  true (9a)
 - private final 'holderRef' 'Ljava/lang/ref/SoftReference;' @20  
[error occurred during error reporting (printing register info), id 0xc0000005, EXCEPTION_ACCESS_VIOLATION (0xc0000005) at pc=0x00007ffbb005403e]

Top of Stack: (sp=0x000000a8796ff450)
0x000000a8796ff450:   0000028d99870bb0 0000000000000002
0x000000a8796ff460:   000000070b0ffbe8 00007ffbaffb3aa1
0x000000a8796ff470:   000000070b2b6e28 0000028db26adb20
0x000000a8796ff480:   00000003d4726518 00007ffbaffb2f1a
0x000000a8796ff490:   000000070b2b6df4 0000028db26adb20
0x000000a8796ff4a0:   000000070b2b6e28 000000a8796ff4f0
0x000000a8796ff4b0:   00007ffbafcc0000 0000000000000000
0x000000a8796ff4c0:   000000000000000c 000000000000000c
0x000000a8796ff4d0:   0000028db26adb20 00007ffbaffb9184
0x000000a8796ff4e0:   0000000000000800 000000070b2b6de0
0x000000a8796ff4f0:   000000000000008c 0000028db26adb20
0x000000a8796ff500:   0000000000000000 000000070b291628
0x000000a8796ff510:   0000000000000010 0000000000000000
0x000000a8796ff520:   00007ffbafcc0000 00007ffbaffb92b8
0x000000a8796ff530:   0000028db26adb20 0000000000000800
0x000000a8796ff540:   0000028db26adb20 0000000000000800
0x000000a8796ff550:   000000070b291628 0000000000000000
0x000000a8796ff560:   0000000000000000 0000000000000000
0x000000a8796ff570:   0000000000000003 000000a877bff698
0x000000a8796ff580:   000000a877bfed20 0000028db26adb20
0x000000a8796ff590:   00007ffbafcc0000 0000000000000010
0x000000a8796ff5a0:   000000a877bff6b0 00007ffbaffb89ad
0x000000a8796ff5b0:   0000028db18fcf90 000000a877bfebc0
0x000000a8796ff5c0:   000000000000000c 00007ffbaffdab77
0x000000a8796ff5d0:   000000a877bfebe0 000000a877bfebc0
0x000000a8796ff5e0:   0000000000000003 0000028db26adb20
0x000000a8796ff5f0:   00000000000003d8 0000028db18fd368
0x000000a8796ff600:   0000028db18fcf80 0000028db18fcf90
0x000000a8796ff610:   000000a877bfebc0 00007ffbaffb823d
0x000000a8796ff620:   0000000002b4ea62 0000028db18eed30
0x000000a8796ff630:   000000a877bff6b0 0000000000000000
0x000000a8796ff640:   0000000002b4ea69 0000000000000000 

Instructions: (pc=0x00007ffbaffb4a21)
0x00007ffbaffb4921:   00 48 8b 7c 24 30 48 83 c4 20 5b c3 cc cc cc 40
0x00007ffbaffb4931:   57 48 83 ec 20 8b 02 48 8b f9 85 c0 74 3b 8b 0d
0x00007ffbaffb4941:   a3 29 82 00 48 8b 7f 10 48 89 5c 24 30 8b d8 48
0x00007ffbaffb4951:   d3 e3 48 8b cf 48 03 1d 83 29 82 00 48 8b d3 e8
0x00007ffbaffb4961:   5b 00 00 00 84 c0 74 0c 48 8d 4f 18 48 8b d3 e8
0x00007ffbaffb4971:   eb 06 00 00 48 8b 5c 24 30 48 83 c4 20 5f c3 e9
0x00007ffbaffb4981:   7b 50 00 00 cc cc cc cc cc cc cc cc cc cc cc e9
0x00007ffbaffb4991:   eb 53 00 00 cc cc cc cc cc cc cc cc cc cc cc 48
0x00007ffbaffb49a1:   8b 01 48 8b 80 c8 04 00 00 48 8b 80 98 00 00 00
0x00007ffbaffb49b1:   c3 cc cc cc cc cc cc cc cc cc cc cc cc cc cc 48
0x00007ffbaffb49c1:   89 5c 24 08 48 89 74 24 10 57 48 83 ec 30 48 8b
0x00007ffbaffb49d1:   01 48 8b f1 4c 8b c2 48 8b fa 8b 88 20 03 00 00
0x00007ffbaffb49e1:   48 8b 80 10 03 00 00 49 d3 e8 41 80 3c 00 02 74
0x00007ffbaffb49f1:   60 48 8b 5e 10 48 8b cb 48 8b 03 ff 10 8b 4b 18
0x00007ffbaffb4a01:   48 8b d7 48 2b 53 08 48 8b 43 20 48 c1 ea 03 48
0x00007ffbaffb4a11:   d3 ea 48 8b ca 48 c1 e9 06 4c 8d 04 c8 0f b6 ca
0x00007ffbaffb4a21:   49 8b 00 80 e1 3f ba 01 00 00 00 48 d3 e2 48 8b
0x00007ffbaffb4a31:   c8 48 0b ca 48 3b c8 74 18 66 0f 1f 44 00 00 f0
0x00007ffbaffb4a41:   49 0f b1 08 74 1d 48 8b c8 48 0b ca 48 3b c8 75
0x00007ffbaffb4a51:   ee 32 c0 48 8b 5c 24 40 48 8b 74 24 48 48 83 c4
0x00007ffbaffb4a61:   30 5f c3 48 8b 07 44 0f b6 0d 13 e9 88 00 4c 8b
0x00007ffbaffb4a71:   c0 44 8b 15 7f 28 82 00 41 83 e0 07 80 3d 0e ea
0x00007ffbaffb4a81:   88 00 00 4c 8b 1d 65 28 82 00 74 30 49 83 f8 05
0x00007ffbaffb4a91:   0f 84 ae 00 00 00 45 84 c9 74 0e 8b 57 08 41 8b
0x00007ffbaffb4aa1:   ca 48 d3 e2 49 03 d3 eb 04 48 8b 57 08 0f b6 8a
0x00007ffbaffb4ab1:   b8 00 00 00 80 e1 07 80 f9 05 74 15 49 83 f8 01
0x00007ffbaffb4ac1:   75 0f 48 b9 00 ff ff ff 7f 00 00 00 48 85 c1 74
0x00007ffbaffb4ad1:   73 48 8b 16 4c 8b c7 8b 8a 20 03 00 00 49 d3 e8
0x00007ffbaffb4ae1:   48 8b 8a 10 03 00 00 41 80 3c 08 00 75 56 48 8b
0x00007ffbaffb4af1:   9e a8 05 00 00 48 89 7c 24 20 48 89 44 24 28 48
0x00007ffbaffb4b01:   8b 53 20 48 3b 53 08 75 0a 48 8b cb e8 de a6 f5
0x00007ffbaffb4b11:   ff 33 d2 48 8b 43 38 48 8b ca 0f 10 44 24 20 48 


Stack slot to memory mapping:
stack at sp + 0 slots: 0x0000028d99870bb0 points into unknown readable memory: 0x00007ffbb0614b38 | 38 4b 61 b0 fb 7f 00 00
stack at sp + 1 slots: 0x0000000000000002 is an unknown value
stack at sp + 2 slots: 0x000000070b0ffbe8 is an oop: sun.util.locale.BaseLocale 
{0x000000070b0ffbe8} - klass: 'sun/util/locale/BaseLocale'
 - ---- fields (total size 4 words):
 - private volatile 'hash' 'I' @12  93057164 (58bf08c)
 - private final 'language' 'Ljava/lang/String;' @16  "ar"{0x000000070b007fc0} (e1600ff8)
 - private final 'script' 'Ljava/lang/String;' @20  ""{0x000000070abd4ca8} (e157a995)
 - private final 'region' 'Ljava/lang/String;' @24  "PS"{0x000000070b0ffc08} (e161ff81)
 - private final 'variant' 'Ljava/lang/String;' @28  ""{0x000000070abd4ca8} (e157a995)
stack at sp + 3 slots: 0x00007ffbaffb3aa1 jvm.dll
stack at sp + 4 slots: 0x000000070b2b6e28 is an oop: sun.util.locale.LocaleObjectCache$CacheEntry 
{0x000000070b2b6e28} - klass: 'sun/util/locale/LocaleObjectCache$CacheEntry'
 - ---- fields (total size 5 words):
 - private 'referent' 'Ljava/lang/Object;' @12  a 'sun/util/locale/BaseLocale'{0x000000070b0ffbe8} (e161ff7d)
 - volatile 'queue' 'Ljava/lang/ref/ReferenceQueue;' @16  a 'java/lang/ref/ReferenceQueue'{0x000000070aa7e7d0} (e154fcfa)
 - volatile 'next' 'Ljava/lang/ref/Reference;' @20  NULL (0)
 - private transient 'discovered' 'Ljava/lang/ref/Reference;' @24  NULL (0)
 - private 'timestamp' 'J' @32  142163895 (8793fb7 0)
 - private 'key' 'Ljava/lang/Object;' @28  a 'sun/util/locale/BaseLocale$Key'{0x000000070b2b6de0} (e1656dbc)
stack at sp + 5 slots: 0x0000028db26adb20 points into unknown readable memory: 0x000000a877bff460 | 60 f4 bf 77 a8 00 00 00
stack at sp + 6 slots: 0x00000003d4726518 is an unknown value
stack at sp + 7 slots: 0x00007ffbaffb2f1a jvm.dll


---------------  P R O C E S S  ---------------

Threads class SMR info:
_java_thread_list=0x0000028db28a75a0, length=26, elements={
0x0000028dac848a20, 0x0000028dac84f650, 0x0000028dac886900, 0x0000028dac899430,
0x0000028dac89ae70, 0x0000028dac8b3e60, 0x0000028dac8b7c30, 0x0000028dac8b9370,
0x0000028dac97d040, 0x0000028daca8f030, 0x0000028db1388c50, 0x0000028db138e800,
0x0000028db1460b00, 0x0000028db17e7700, 0x0000028db18e83f0, 0x0000028db18f5440,
0x0000028db1382be0, 0x0000028db1383600, 0x0000028db26864c0, 0x0000028db2689250,
0x0000028db26869d0, 0x0000028db268bfe0, 0x0000028db2687e10, 0x0000028db268ca00,
0x0000028db2688320, 0x0000028db2688830
}

Java Threads: ( => current thread )
  0x0000028dac848a20 JavaThread "Reference Handler" daemon [_thread_blocked, id=9244, stack(0x000000a877c00000,0x000000a877d00000)]
  0x0000028dac84f650 JavaThread "Finalizer" daemon [_thread_blocked, id=17152, stack(0x000000a877d00000,0x000000a877e00000)]
  0x0000028dac886900 JavaThread "Signal Dispatcher" daemon [_thread_blocked, id=8696, stack(0x000000a877e00000,0x000000a877f00000)]
  0x0000028dac899430 JavaThread "Attach Listener" daemon [_thread_blocked, id=8104, stack(0x000000a877f00000,0x000000a878000000)]
  0x0000028dac89ae70 JavaThread "Service Thread" daemon [_thread_blocked, id=832, stack(0x000000a878000000,0x000000a878100000)]
  0x0000028dac8b3e60 JavaThread "Monitor Deflation Thread" daemon [_thread_blocked, id=8876, stack(0x000000a878100000,0x000000a878200000)]
  0x0000028dac8b7c30 JavaThread "C1 CompilerThread0" daemon [_thread_blocked, id=9376, stack(0x000000a878200000,0x000000a878300000)]
  0x0000028dac8b9370 JavaThread "Sweeper thread" daemon [_thread_blocked, id=15308, stack(0x000000a878300000,0x000000a878400000)]
  0x0000028dac97d040 JavaThread "Common-Cleaner" daemon [_thread_blocked, id=3908, stack(0x000000a878400000,0x000000a878500000)]
  0x0000028daca8f030 JavaThread "Notification Thread" daemon [_thread_blocked, id=11372, stack(0x000000a878600000,0x000000a878700000)]
  0x0000028db1388c50 JavaThread "RMI TCP Accept-0" daemon [_thread_in_native, id=4756, stack(0x000000a878800000,0x000000a878900000)]
  0x0000028db138e800 JavaThread "RMI TCP Accept-52271" daemon [_thread_in_native, id=10868, stack(0x000000a878900000,0x000000a878a00000)]
  0x0000028db1460b00 JavaThread "RMI TCP Accept-0" daemon [_thread_in_native, id=16584, stack(0x000000a878a00000,0x000000a878b00000)]
  0x0000028db17e7700 JavaThread "RMI TCP Connection(idle)" daemon [_thread_blocked, id=18580, stack(0x000000a878c00000,0x000000a878d00000)]
  0x0000028db18e83f0 JavaThread "RMI Scheduler(0)" daemon [_thread_blocked, id=18976, stack(0x000000a878d00000,0x000000a878e00000)]
  0x0000028db18f5440 JavaThread "RMI TCP Connection(idle)" daemon [_thread_blocked, id=12252, stack(0x000000a878e00000,0x000000a878f00000)]
  0x0000028db1382be0 JavaThread "JMX server connection timeout 30" daemon [_thread_blocked, id=3972, stack(0x000000a878f00000,0x000000a879000000)]
  0x0000028db1383600 JavaThread "mysql-cj-abandoned-connection-cleanup" daemon [_thread_blocked, id=19508, stack(0x000000a87a400000,0x000000a87a500000)]
  0x0000028db26864c0 JavaThread "Live Reload Server" daemon [_thread_in_native, id=2228, stack(0x000000a87a700000,0x000000a87a800000)]
  0x0000028db2689250 JavaThread "DestroyJavaVM" [_thread_blocked, id=8824, stack(0x000000a877500000,0x000000a877600000)]
  0x0000028db26869d0 JavaThread "RMI TCP Connection(idle)" daemon [_thread_blocked, id=17000, stack(0x000000a879900000,0x000000a879a00000)]
  0x0000028db268bfe0 JavaThread "RMI TCP Connection(idle)" daemon [_thread_blocked, id=11076, stack(0x000000a87b300000,0x000000a87b400000)]
  0x0000028db2687e10 JavaThread "RMI TCP Connection(idle)" daemon [_thread_blocked, id=4364, stack(0x000000a87b400000,0x000000a87b500000)]
  0x0000028db268ca00 JavaThread "RMI TCP Connection(idle)" daemon [_thread_blocked, id=11528, stack(0x000000a87b600000,0x000000a87b700000)]
  0x0000028db2688320 JavaThread "RMI TCP Connection(8)-127.0.0.1" daemon [_thread_in_native, id=5812, stack(0x000000a879800000,0x000000a879900000)]
  0x0000028db2688830 JavaThread "Thread-5" [_thread_blocked, id=14620, stack(0x000000a877200000,0x000000a877300000)]

Other Threads:
  0x0000028dabde9bb0 VMThread "VM Thread" [stack: 0x000000a877b00000,0x000000a877c00000] [id=3468]
  0x0000028d99809b90 WatcherThread [stack: 0x000000a878b00000,0x000000a878c00000] [id=4572]
  0x0000028d99870640 GCTaskThread "GC Thread#0" [stack: 0x000000a877600000,0x000000a877700000] [id=18348]
  0x0000028db19493e0 GCTaskThread "GC Thread#1" [stack: 0x000000a879000000,0x000000a879100000] [id=16492]
  0x0000028db19496a0 GCTaskThread "GC Thread#2" [stack: 0x000000a879100000,0x000000a879200000] [id=15404]
  0x0000028db1949960 GCTaskThread "GC Thread#3" [stack: 0x000000a879200000,0x000000a879300000] [id=19028]
  0x0000028db1949c20 GCTaskThread "GC Thread#4" [stack: 0x000000a879300000,0x000000a879400000] [id=20136]
  0x0000028db1978a50 GCTaskThread "GC Thread#5" [stack: 0x000000a879400000,0x000000a879500000] [id=11880]
  0x0000028db1978d10 GCTaskThread "GC Thread#6" [stack: 0x000000a879500000,0x000000a879600000] [id=3440]
=>0x0000028db1978fd0 GCTaskThread "GC Thread#7" [stack: 0x000000a879600000,0x000000a879700000] [id=13592]
  0x0000028db1979aa0 GCTaskThread "GC Thread#8" [stack: 0x000000a879700000,0x000000a879800000] [id=2088]
  0x0000028db1bbd470 GCTaskThread "GC Thread#9" [stack: 0x000000a879c00000,0x000000a879d00000] [id=5540]
  0x0000028db1b924e0 GCTaskThread "GC Thread#10" [stack: 0x000000a879d00000,0x000000a879e00000] [id=17244]
  0x0000028db1bd2330 GCTaskThread "GC Thread#11" [stack: 0x000000a87a000000,0x000000a87a100000] [id=12096]
  0x0000028db1bd28b0 GCTaskThread "GC Thread#12" [stack: 0x000000a87a100000,0x000000a87a200000] [id=2432]
  0x0000028d9989da50 ConcurrentGCThread "G1 Main Marker" [stack: 0x000000a877700000,0x000000a877800000] [id=20056]
  0x0000028d9989e380 ConcurrentGCThread "G1 Conc#0" [stack: 0x000000a877800000,0x000000a877900000] [id=17264]
  0x0000028db1b927a0 ConcurrentGCThread "G1 Conc#1" [stack: 0x000000a879e00000,0x000000a879f00000] [id=2124]
  0x0000028db1bd2070 ConcurrentGCThread "G1 Conc#2" [stack: 0x000000a879f00000,0x000000a87a000000] [id=15944]
  0x0000028dabcf2ab0 ConcurrentGCThread "G1 Refine#0" [stack: 0x000000a877900000,0x000000a877a00000] [id=11464]
  0x0000028dabcf33f0 ConcurrentGCThread "G1 Service" [stack: 0x000000a877a00000,0x000000a877b00000] [id=19208]

Threads with active compile tasks:
C1 CompilerThread0    66244 5690       1       org.apache.catalina.util.LifecycleBase::fireLifecycleEvent (56 bytes)

VM state: at safepoint (normal execution)

VM Mutex/Monitor currently owned by a thread:  ([mutex/lock_event])
[0x0000028d997ec6d0] Threads_lock - owner thread: 0x0000028dabde9bb0
[0x0000028d997ecbe0] Heap_lock - owner thread: 0x0000028db2688830

Heap address: 0x000000070aa00000, size: 3926 MB, Compressed Oops mode: Zero based, Oop shift amount: 3

CDS archive(s) not mapped
Compressed class space mapped at: 0x0000000800000000-0x0000000840000000, reserved size: 1073741824
Narrow klass base: 0x0000000800000000, Narrow klass shift: 0, Narrow klass range: 0x40000000

GC Precious Log:
 CPUs: 16 total, 16 available
 Memory: 15697M
 Large Page Support: Disabled
 NUMA Support: Disabled
 Compressed Oops: Enabled (Zero based)
 Heap Region Size: 2M
 Heap Min Capacity: 8M
 Heap Initial Capacity: 246M
 Heap Max Capacity: 3926M
 Pre-touch: Disabled
 Parallel Workers: 13
 Concurrent Workers: 3
 Concurrent Refinement Workers: 13
 Periodic GC: Disabled

Heap:
 garbage-first heap   total 157696K, used 63548K [0x000000070aa00000, 0x0000000800000000)
  region size 2048K, 24 young (49152K), 2 survivors (4096K)
 Metaspace       used 53104K, committed 53696K, reserved 1114112K
  class space    used 6704K, committed 6976K, reserved 1048576K

Heap Regions: E=young(eden), S=young(survivor), O=old, HS=humongous(starts), HC=humongous(continues), CS=collection set, F=free, OA=open archive, CA=closed archive, TAMS=top-at-mark-start (previous, next)
|   0|0x000000070aa00000, 0x000000070ac00000, 0x000000070ac00000|100%| O|  |TAMS 0x000000070ac00000, 0x000000070aa00000| Untracked 
|   1|0x000000070ac00000, 0x000000070ae00000, 0x000000070ae00000|100%| O|  |TAMS 0x000000070ae00000, 0x000000070ac00000| Untracked 
|   2|0x000000070ae00000, 0x000000070ae00000, 0x000000070b000000|  0%| F|  |TAMS 0x000000070ae00000, 0x000000070ae00000| Untracked 
|   3|0x000000070b000000, 0x000000070b200000, 0x000000070b200000|100%| O|  |TAMS 0x000000070b200000, 0x000000070b000000| Untracked 
|   4|0x000000070b200000, 0x000000070b400000, 0x000000070b400000|100%| O|  |TAMS 0x000000070b400000, 0x000000070b200000| Untracked 
|   5|0x000000070b400000, 0x000000070b600000, 0x000000070b600000|100%| O|  |TAMS 0x000000070b400000, 0x000000070b400000| Untracked 
|   6|0x000000070b600000, 0x000000070b800000, 0x000000070b800000|100%| O|  |TAMS 0x000000070b600000, 0x000000070b600000| Untracked 
|   7|0x000000070b800000, 0x000000070ba00000, 0x000000070ba00000|100%| O|  |TAMS 0x000000070b800000, 0x000000070b800000| Untracked 
|   8|0x000000070ba00000, 0x000000070badf000, 0x000000070bc00000| 43%| O|  |TAMS 0x000000070ba00000, 0x000000070ba00000| Untracked 
|   9|0x000000070bc00000, 0x000000070bc00000, 0x000000070be00000|  0%| F|  |TAMS 0x000000070bc00000, 0x000000070bc00000| Untracked 
|  10|0x000000070be00000, 0x000000070be00000, 0x000000070c000000|  0%| F|  |TAMS 0x000000070be00000, 0x000000070be00000| Untracked 
|  11|0x000000070c000000, 0x000000070c000000, 0x000000070c200000|  0%| F|  |TAMS 0x000000070c000000, 0x000000070c000000| Untracked 
|  12|0x000000070c200000, 0x000000070c200000, 0x000000070c400000|  0%| F|  |TAMS 0x000000070c200000, 0x000000070c200000| Untracked 
|  13|0x000000070c400000, 0x000000070c400000, 0x000000070c600000|  0%| F|  |TAMS 0x000000070c400000, 0x000000070c400000| Untracked 
|  14|0x000000070c600000, 0x000000070c7b4c40, 0x000000070c800000| 85%| S|  |TAMS 0x000000070c600000, 0x000000070c600000| Complete 
|  15|0x000000070c800000, 0x000000070ca00000, 0x000000070ca00000|100%| S|  |TAMS 0x000000070c800000, 0x000000070c800000| Complete 
|  16|0x000000070ca00000, 0x000000070ca00000, 0x000000070cc00000|  0%| F|  |TAMS 0x000000070ca00000, 0x000000070ca00000| Untracked 
|  17|0x000000070cc00000, 0x000000070cc00000, 0x000000070ce00000|  0%| F|  |TAMS 0x000000070cc00000, 0x000000070cc00000| Untracked 
|  18|0x000000070ce00000, 0x000000070ce00000, 0x000000070d000000|  0%| F|  |TAMS 0x000000070ce00000, 0x000000070ce00000| Untracked 
|  19|0x000000070d000000, 0x000000070d000000, 0x000000070d200000|  0%| F|  |TAMS 0x000000070d000000, 0x000000070d000000| Untracked 
|  20|0x000000070d200000, 0x000000070d200000, 0x000000070d400000|  0%| F|  |TAMS 0x000000070d200000, 0x000000070d200000| Untracked 
|  21|0x000000070d400000, 0x000000070d400000, 0x000000070d600000|  0%| F|  |TAMS 0x000000070d400000, 0x000000070d400000| Untracked 
|  22|0x000000070d600000, 0x000000070d600000, 0x000000070d800000|  0%| F|  |TAMS 0x000000070d600000, 0x000000070d600000| Untracked 
|  23|0x000000070d800000, 0x000000070d800000, 0x000000070da00000|  0%| F|  |TAMS 0x000000070d800000, 0x000000070d800000| Untracked 
|  24|0x000000070da00000, 0x000000070da00000, 0x000000070dc00000|  0%| F|  |TAMS 0x000000070da00000, 0x000000070da00000| Untracked 
|  25|0x000000070dc00000, 0x000000070dc00000, 0x000000070de00000|  0%| F|  |TAMS 0x000000070dc00000, 0x000000070dc00000| Untracked 
|  26|0x000000070de00000, 0x000000070de00000, 0x000000070e000000|  0%| F|  |TAMS 0x000000070de00000, 0x000000070de00000| Untracked 
|  27|0x000000070e000000, 0x000000070e000000, 0x000000070e200000|  0%| F|  |TAMS 0x000000070e000000, 0x000000070e000000| Untracked 
|  28|0x000000070e200000, 0x000000070e200000, 0x000000070e400000|  0%| F|  |TAMS 0x000000070e200000, 0x000000070e200000| Untracked 
|  29|0x000000070e400000, 0x000000070e400000, 0x000000070e600000|  0%| F|  |TAMS 0x000000070e400000, 0x000000070e400000| Untracked 
|  30|0x000000070e600000, 0x000000070e600000, 0x000000070e800000|  0%| F|  |TAMS 0x000000070e600000, 0x000000070e600000| Untracked 
|  31|0x000000070e800000, 0x000000070e800000, 0x000000070ea00000|  0%| F|  |TAMS 0x000000070e800000, 0x000000070e800000| Untracked 
|  32|0x000000070ea00000, 0x000000070ea00000, 0x000000070ec00000|  0%| F|  |TAMS 0x000000070ea00000, 0x000000070ea00000| Untracked 
|  33|0x000000070ec00000, 0x000000070ec00000, 0x000000070ee00000|  0%| F|  |TAMS 0x000000070ec00000, 0x000000070ec00000| Untracked 
|  34|0x000000070ee00000, 0x000000070ee00000, 0x000000070f000000|  0%| F|  |TAMS 0x000000070ee00000, 0x000000070ee00000| Untracked 
|  35|0x000000070f000000, 0x000000070f000000, 0x000000070f200000|  0%| F|  |TAMS 0x000000070f000000, 0x000000070f000000| Untracked 
|  36|0x000000070f200000, 0x000000070f200000, 0x000000070f400000|  0%| F|  |TAMS 0x000000070f200000, 0x000000070f200000| Untracked 
|  37|0x000000070f400000, 0x000000070f400000, 0x000000070f600000|  0%| F|  |TAMS 0x000000070f400000, 0x000000070f400000| Untracked 
|  38|0x000000070f600000, 0x000000070f600000, 0x000000070f800000|  0%| F|  |TAMS 0x000000070f600000, 0x000000070f600000| Untracked 
|  39|0x000000070f800000, 0x000000070f800000, 0x000000070fa00000|  0%| F|  |TAMS 0x000000070f800000, 0x000000070f800000| Untracked 
|  40|0x000000070fa00000, 0x000000070fa00000, 0x000000070fc00000|  0%| F|  |TAMS 0x000000070fa00000, 0x000000070fa00000| Untracked 
|  41|0x000000070fc00000, 0x000000070fc00000, 0x000000070fe00000|  0%| F|  |TAMS 0x000000070fc00000, 0x000000070fc00000| Untracked 
|  42|0x000000070fe00000, 0x000000070fe00000, 0x0000000710000000|  0%| F|  |TAMS 0x000000070fe00000, 0x000000070fe00000| Untracked 
|  43|0x0000000710000000, 0x0000000710000000, 0x0000000710200000|  0%| F|  |TAMS 0x0000000710000000, 0x0000000710000000| Untracked 
|  44|0x0000000710200000, 0x0000000710200000, 0x0000000710400000|  0%| F|  |TAMS 0x0000000710200000, 0x0000000710200000| Untracked 
|  45|0x0000000710400000, 0x0000000710400000, 0x0000000710600000|  0%| F|  |TAMS 0x0000000710400000, 0x0000000710400000| Untracked 
|  46|0x0000000710600000, 0x0000000710600000, 0x0000000710800000|  0%| F|  |TAMS 0x0000000710600000, 0x0000000710600000| Untracked 
|  47|0x0000000710800000, 0x0000000710800000, 0x0000000710a00000|  0%| F|  |TAMS 0x0000000710800000, 0x0000000710800000| Untracked 
|  48|0x0000000710a00000, 0x0000000710a00000, 0x0000000710c00000|  0%| F|  |TAMS 0x0000000710a00000, 0x0000000710a00000| Untracked 
|  49|0x0000000710c00000, 0x0000000710c00000, 0x0000000710e00000|  0%| F|  |TAMS 0x0000000710c00000, 0x0000000710c00000| Untracked 
|  50|0x0000000710e00000, 0x0000000710e00000, 0x0000000711000000|  0%| F|  |TAMS 0x0000000710e00000, 0x0000000710e00000| Untracked 
|  51|0x0000000711000000, 0x0000000711000000, 0x0000000711200000|  0%| F|  |TAMS 0x0000000711000000, 0x0000000711000000| Untracked 
|  52|0x0000000711200000, 0x0000000711200000, 0x0000000711400000|  0%| F|  |TAMS 0x0000000711200000, 0x0000000711200000| Untracked 
|  53|0x0000000711400000, 0x0000000711400000, 0x0000000711600000|  0%| F|  |TAMS 0x0000000711400000, 0x0000000711400000| Untracked 
|  54|0x0000000711600000, 0x0000000711600000, 0x0000000711800000|  0%| F|  |TAMS 0x0000000711600000, 0x0000000711600000| Untracked 
|  55|0x0000000711800000, 0x000000071197b3d0, 0x0000000711a00000| 74%| E|  |TAMS 0x0000000711800000, 0x0000000711800000| Complete 
|  56|0x0000000711a00000, 0x0000000711c00000, 0x0000000711c00000|100%| E|  |TAMS 0x0000000711a00000, 0x0000000711a00000| Complete 
|  57|0x0000000711c00000, 0x0000000711e00000, 0x0000000711e00000|100%| E|  |TAMS 0x0000000711c00000, 0x0000000711c00000| Complete 
|  58|0x0000000711e00000, 0x0000000712000000, 0x0000000712000000|100%| E|  |TAMS 0x0000000711e00000, 0x0000000711e00000| Complete 
|  59|0x0000000712000000, 0x0000000712200000, 0x0000000712200000|100%| E|  |TAMS 0x0000000712000000, 0x0000000712000000| Complete 
|  60|0x0000000712200000, 0x0000000712400000, 0x0000000712400000|100%| E|  |TAMS 0x0000000712200000, 0x0000000712200000| Complete 
|  61|0x0000000712400000, 0x0000000712600000, 0x0000000712600000|100%| E|  |TAMS 0x0000000712400000, 0x0000000712400000| Complete 
|  62|0x0000000712600000, 0x0000000712800000, 0x0000000712800000|100%| E|  |TAMS 0x0000000712600000, 0x0000000712600000| Complete 
|  63|0x0000000712800000, 0x0000000712a00000, 0x0000000712a00000|100%| E|  |TAMS 0x0000000712800000, 0x0000000712800000| Complete 
|  64|0x0000000712a00000, 0x0000000712c00000, 0x0000000712c00000|100%| E|  |TAMS 0x0000000712a00000, 0x0000000712a00000| Complete 
|  65|0x0000000712c00000, 0x0000000712e00000, 0x0000000712e00000|100%| E|  |TAMS 0x0000000712c00000, 0x0000000712c00000| Complete 
|  66|0x0000000712e00000, 0x0000000713000000, 0x0000000713000000|100%| E|  |TAMS 0x0000000712e00000, 0x0000000712e00000| Complete 
|  67|0x0000000713000000, 0x0000000713200000, 0x0000000713200000|100%| E|  |TAMS 0x0000000713000000, 0x0000000713000000| Complete 
|  68|0x0000000713200000, 0x0000000713400000, 0x0000000713400000|100%| E|  |TAMS 0x0000000713200000, 0x0000000713200000| Complete 
|  69|0x0000000713400000, 0x0000000713600000, 0x0000000713600000|100%| E|  |TAMS 0x0000000713400000, 0x0000000713400000| Complete 
|  70|0x0000000713600000, 0x0000000713800000, 0x0000000713800000|100%| E|  |TAMS 0x0000000713600000, 0x0000000713600000| Complete 
|  71|0x0000000713800000, 0x0000000713a00000, 0x0000000713a00000|100%| E|  |TAMS 0x0000000713800000, 0x0000000713800000| Complete 
|  72|0x0000000713a00000, 0x0000000713c00000, 0x0000000713c00000|100%| E|  |TAMS 0x0000000713a00000, 0x0000000713a00000| Complete 
|  73|0x0000000713c00000, 0x0000000713e00000, 0x0000000713e00000|100%| E|  |TAMS 0x0000000713c00000, 0x0000000713c00000| Complete 
|  74|0x0000000713e00000, 0x0000000714000000, 0x0000000714000000|100%| E|  |TAMS 0x0000000713e00000, 0x0000000713e00000| Complete 
|  75|0x0000000714000000, 0x0000000714200000, 0x0000000714200000|100%| E|  |TAMS 0x0000000714000000, 0x0000000714000000| Complete 
| 122|0x0000000719e00000, 0x000000071a000000, 0x000000071a000000|100%| E|  |TAMS 0x0000000719e00000, 0x0000000719e00000| Complete 

Card table byte_map: [0x0000028da0cd0000,0x0000028da1480000] _byte_map_base: 0x0000028d9d47b000

Marking Bits (Prev, Next): (CMBitMap*) 0x0000028d99870b70, (CMBitMap*) 0x0000028d99870bb0
 Prev Bits: [0x0000028da1c30000, 0x0000028da5988000)
 Next Bits: [0x0000028da5990000, 0x0000028da96e8000)

Polling page: 0x0000028d97760000

Metaspace:

Usage:
  Non-class:     45.31 MB used.
      Class:      6.55 MB used.
       Both:     51.86 MB used.

Virtual space:
  Non-class space:       64.00 MB reserved,      45.62 MB ( 71%) committed,  1 nodes.
      Class space:        1.00 GB reserved,       6.81 MB ( <1%) committed,  1 nodes.
             Both:        1.06 GB reserved,      52.44 MB (  5%) committed. 

Chunk freelists:
   Non-Class:  1.61 MB
       Class:  9.03 MB
        Both:  10.64 MB

MaxMetaspaceSize: unlimited
CompressedClassSpaceSize: 1.00 GB
Initial GC threshold: 21.00 MB
Current GC threshold: 59.50 MB
CDS: off
MetaspaceReclaimPolicy: balanced
 - commit_granule_bytes: 65536.
 - commit_granule_words: 8192.
 - virtual_space_node_default_size: 8388608.
 - enlarge_chunks_in_place: 1.
 - new_chunks_are_fully_committed: 0.
 - uncommit_free_chunks: 1.
 - use_allocation_guard: 0.
 - handle_deallocations: 1.


Internal statistics:

num_allocs_failed_limit: 8.
num_arena_births: 756.
num_arena_deaths: 0.
num_vsnodes_births: 2.
num_vsnodes_deaths: 0.
num_space_committed: 839.
num_space_uncommitted: 0.
num_chunks_returned_to_freelist: 8.
num_chunks_taken_from_freelist: 2257.
num_chunk_merges: 8.
num_chunk_splits: 1506.
num_chunks_enlarged: 1035.
num_inconsistent_stats: 0.

CodeCache: size=49152Kb used=10343Kb max_used=11969Kb free=38808Kb
 bounds [0x0000028d9cec0000, 0x0000028d9da90000, 0x0000028d9fec0000]
 total_blobs=6307 nmethods=5688 adapters=546
 compilation: enabled
              stopped_count=0, restarted_count=0
 full_count=0

Compilation events (20 events):
Event: 66.157 Thread 0x0000028dac8b7c30 nmethod 5679 0x0000028d9d169890 code [0x0000028d9d169a20, 0x0000028d9d169b38]
Event: 66.157 Thread 0x0000028dac8b7c30 5680       1       org.springframework.beans.factory.support.DefaultListableBeanFactory$$Lambda$318/0x0000000800291e50::<init> (10 bytes)
Event: 66.157 Thread 0x0000028dac8b7c30 nmethod 5680 0x0000028d9d169590 code [0x0000028d9d169720, 0x0000028d9d169838]
Event: 66.157 Thread 0x0000028dac8b7c30 5681       1       org.springframework.beans.factory.support.DefaultListableBeanFactory$$Lambda$318/0x0000000800291e50::test (12 bytes)
Event: 66.157 Thread 0x0000028dac8b7c30 nmethod 5681 0x0000028d9d169210 code [0x0000028d9d1693a0, 0x0000028d9d1694e8]
Event: 66.157 Thread 0x0000028dac8b7c30 5682       1       org.springframework.beans.factory.support.DefaultListableBeanFactory::lambda$removeManualSingletonName$8 (8 bytes)
Event: 66.157 Thread 0x0000028dac8b7c30 nmethod 5682 0x0000028d9d168f10 code [0x0000028d9d1690a0, 0x0000028d9d169168]
Event: 66.159 Thread 0x0000028dac8b7c30 5683       1       org.apache.catalina.LifecycleEvent::getType (5 bytes)
Event: 66.159 Thread 0x0000028dac8b7c30 nmethod 5683 0x0000028d9d168c10 code [0x0000028d9d168da0, 0x0000028d9d168e78]
Event: 66.160 Thread 0x0000028dac8b7c30 5684       1       org.apache.catalina.core.ContainerBase::getParent (5 bytes)
Event: 66.160 Thread 0x0000028dac8b7c30 nmethod 5684 0x0000028d9d168910 code [0x0000028d9d168aa0, 0x0000028d9d168b78]
Event: 66.161 Thread 0x0000028dac8b7c30 5685       1       java.util.concurrent.ConcurrentHashMap::keySet (5 bytes)
Event: 66.162 Thread 0x0000028dac8b7c30 nmethod 5685 0x0000028d9d168490 code [0x0000028d9d168620, 0x0000028d9d168818]
Event: 66.162 Thread 0x0000028dac8b7c30 5686   !   1       java.net.URLClassLoader::getResourceAsStream (142 bytes)
Event: 66.163 Thread 0x0000028dac8b7c30 nmethod 5686 0x0000028d9d167610 code [0x0000028d9d167840, 0x0000028d9d167eb8]
Event: 66.165 Thread 0x0000028dac8b7c30 5687   !   1       jdk.internal.loader.AbstractClassLoaderValue::get (21 bytes)
Event: 66.166 Thread 0x0000028dac8b7c30 nmethod 5687 0x0000028d9d167010 code [0x0000028d9d1671e0, 0x0000028d9d167428]
Event: 66.168 Thread 0x0000028dac8b7c30 5689       1       org.apache.juli.logging.DirectJDKLog::isDebugEnabled (11 bytes)
Event: 66.169 Thread 0x0000028dac8b7c30 nmethod 5689 0x0000028d9d166c10 code [0x0000028d9d166da0, 0x0000028d9d166eb8]
Event: 66.169 Thread 0x0000028dac8b7c30 5690       1       org.apache.catalina.util.LifecycleBase::fireLifecycleEvent (56 bytes)

GC Heap History (20 events):
Event: 1.659 GC heap after
{Heap after GC invocations=2 (full 0):
 garbage-first heap   total 251904K, used 7546K [0x000000070aa00000, 0x0000000800000000)
  region size 2048K, 1 young (2048K), 1 survivors (2048K)
 Metaspace       used 21192K, committed 21440K, reserved 1114112K
  class space    used 2445K, committed 2560K, reserved 1048576K
}
Event: 1.663 GC heap before
{Heap before GC invocations=2 (full 0):
 garbage-first heap   total 251904K, used 7546K [0x000000070aa00000, 0x0000000800000000)
  region size 2048K, 2 young (4096K), 1 survivors (2048K)
 Metaspace       used 21269K, committed 21504K, reserved 1114112K
  class space    used 2453K, committed 2560K, reserved 1048576K
}
Event: 1.665 GC heap after
{Heap after GC invocations=3 (full 0):
 garbage-first heap   total 251904K, used 7344K [0x000000070aa00000, 0x0000000800000000)
  region size 2048K, 1 young (2048K), 1 survivors (2048K)
 Metaspace       used 21269K, committed 21504K, reserved 1114112K
  class space    used 2453K, committed 2560K, reserved 1048576K
}
Event: 1.831 GC heap before
{Heap before GC invocations=4 (full 0):
 garbage-first heap   total 34816K, used 23728K [0x000000070aa00000, 0x0000000800000000)
  region size 2048K, 10 young (20480K), 1 survivors (2048K)
 Metaspace       used 25275K, committed 25600K, reserved 1114112K
  class space    used 2958K, committed 3072K, reserved 1048576K
}
Event: 1.834 GC heap after
{Heap after GC invocations=5 (full 0):
 garbage-first heap   total 34816K, used 8417K [0x000000070aa00000, 0x0000000800000000)
  region size 2048K, 2 young (4096K), 2 survivors (4096K)
 Metaspace       used 25275K, committed 25600K, reserved 1114112K
  class space    used 2958K, committed 3072K, reserved 1048576K
}
Event: 1.852 GC heap before
{Heap before GC invocations=5 (full 0):
 garbage-first heap   total 34816K, used 10465K [0x000000070aa00000, 0x0000000800000000)
  region size 2048K, 3 young (6144K), 2 survivors (4096K)
 Metaspace       used 25705K, committed 26048K, reserved 1114112K
  class space    used 3037K, committed 3200K, reserved 1048576K
}
Event: 1.855 GC heap after
{Heap after GC invocations=6 (full 0):
 garbage-first heap   total 34816K, used 8647K [0x000000070aa00000, 0x0000000800000000)
  region size 2048K, 1 young (2048K), 1 survivors (2048K)
 Metaspace       used 25705K, committed 26048K, reserved 1114112K
  class space    used 3037K, committed 3200K, reserved 1048576K
}
Event: 2.028 GC heap before
{Heap before GC invocations=6 (full 0):
 garbage-first heap   total 34816K, used 22983K [0x000000070aa00000, 0x0000000800000000)
  region size 2048K, 8 young (16384K), 1 survivors (2048K)
 Metaspace       used 27629K, committed 27968K, reserved 1114112K
  class space    used 3307K, committed 3456K, reserved 1048576K
}
Event: 2.030 GC heap after
{Heap after GC invocations=7 (full 0):
 garbage-first heap   total 34816K, used 10100K [0x000000070aa00000, 0x0000000800000000)
  region size 2048K, 1 young (2048K), 1 survivors (2048K)
 Metaspace       used 27629K, committed 27968K, reserved 1114112K
  class space    used 3307K, committed 3456K, reserved 1048576K
}
Event: 2.274 GC heap before
{Heap before GC invocations=7 (full 0):
 garbage-first heap   total 34816K, used 24436K [0x000000070aa00000, 0x0000000800000000)
  region size 2048K, 8 young (16384K), 1 survivors (2048K)
 Metaspace       used 28397K, committed 28736K, reserved 1114112K
  class space    used 3434K, committed 3584K, reserved 1048576K
}
Event: 2.277 GC heap after
{Heap after GC invocations=8 (full 0):
 garbage-first heap   total 143360K, used 11412K [0x000000070aa00000, 0x0000000800000000)
  region size 2048K, 1 young (2048K), 1 survivors (2048K)
 Metaspace       used 28397K, committed 28736K, reserved 1114112K
  class space    used 3434K, committed 3584K, reserved 1048576K
}
Event: 3.586 GC heap before
{Heap before GC invocations=8 (full 0):
 garbage-first heap   total 143360K, used 66708K [0x000000070aa00000, 0x0000000800000000)
  region size 2048K, 29 young (59392K), 1 survivors (2048K)
 Metaspace       used 35927K, committed 36416K, reserved 1114112K
  class space    used 4507K, committed 4736K, reserved 1048576K
}
Event: 3.591 GC heap after
{Heap after GC invocations=9 (full 0):
 garbage-first heap   total 143360K, used 15646K [0x000000070aa00000, 0x0000000800000000)
  region size 2048K, 3 young (6144K), 3 survivors (6144K)
 Metaspace       used 35927K, committed 36416K, reserved 1114112K
  class space    used 4507K, committed 4736K, reserved 1048576K
}
Event: 3.931 GC heap before
{Heap before GC invocations=10 (full 0):
 garbage-first heap   total 61440K, used 46366K [0x000000070aa00000, 0x0000000800000000)
  region size 2048K, 18 young (36864K), 3 survivors (6144K)
 Metaspace       used 40267K, committed 40768K, reserved 1114112K
  class space    used 5075K, committed 5312K, reserved 1048576K
}
Event: 3.935 GC heap after
{Heap after GC invocations=11 (full 0):
 garbage-first heap   total 61440K, used 16618K [0x000000070aa00000, 0x0000000800000000)
  region size 2048K, 1 young (2048K), 1 survivors (2048K)
 Metaspace       used 40267K, committed 40768K, reserved 1114112K
  class space    used 5075K, committed 5312K, reserved 1048576K
}
Event: 3.977 GC heap before
{Heap before GC invocations=11 (full 0):
 garbage-first heap   total 61440K, used 18666K [0x000000070aa00000, 0x0000000800000000)
  region size 2048K, 2 young (4096K), 1 survivors (2048K)
 Metaspace       used 40510K, committed 41024K, reserved 1114112K
  class space    used 5114K, committed 5376K, reserved 1048576K
}
Event: 3.980 GC heap after
{Heap after GC invocations=12 (full 0):
 garbage-first heap   total 61440K, used 16523K [0x000000070aa00000, 0x0000000800000000)
  region size 2048K, 1 young (2048K), 1 survivors (2048K)
 Metaspace       used 40510K, committed 41024K, reserved 1114112K
  class space    used 5114K, committed 5376K, reserved 1048576K
}
Event: 4.536 GC heap before
{Heap before GC invocations=12 (full 0):
 garbage-first heap   total 61440K, used 43147K [0x000000070aa00000, 0x0000000800000000)
  region size 2048K, 14 young (28672K), 1 survivors (2048K)
 Metaspace       used 43521K, committed 44096K, reserved 1114112K
  class space    used 5531K, committed 5824K, reserved 1048576K
}
Event: 4.541 GC heap after
{Heap after GC invocations=13 (full 0):
 garbage-first heap   total 157696K, used 19023K [0x000000070aa00000, 0x0000000800000000)
  region size 2048K, 2 young (4096K), 2 survivors (4096K)
 Metaspace       used 43521K, committed 44096K, reserved 1114112K
  class space    used 5531K, committed 5824K, reserved 1048576K
}
Event: 66.169 GC heap before
{Heap before GC invocations=13 (full 0):
 garbage-first heap   total 157696K, used 62031K [0x000000070aa00000, 0x0000000800000000)
  region size 2048K, 24 young (49152K), 2 survivors (4096K)
 Metaspace       used 53104K, committed 53696K, reserved 1114112K
  class space    used 6704K, committed 6976K, reserved 1048576K
}

Dll operation events (9 events):
Event: 0.012 Loaded shared library C:\Users\sbemj\Downloads\sts-4.22.0.RELEASE\plugins\org.eclipse.justj.openjdk.hotspot.jre.full.win32.x86_64_17.0.10.v20240120-1143\jre\bin\java.dll
Event: 0.252 Loaded shared library C:\Users\sbemj\Downloads\sts-4.22.0.RELEASE\plugins\org.eclipse.justj.openjdk.hotspot.jre.full.win32.x86_64_17.0.10.v20240120-1143\jre\bin\jimage.dll
Event: 0.273 Loaded shared library C:\Users\sbemj\Downloads\sts-4.22.0.RELEASE\plugins\org.eclipse.justj.openjdk.hotspot.jre.full.win32.x86_64_17.0.10.v20240120-1143\jre\bin\net.dll
Event: 0.276 Loaded shared library C:\Users\sbemj\Downloads\sts-4.22.0.RELEASE\plugins\org.eclipse.justj.openjdk.hotspot.jre.full.win32.x86_64_17.0.10.v20240120-1143\jre\bin\nio.dll
Event: 0.285 Loaded shared library C:\Users\sbemj\Downloads\sts-4.22.0.RELEASE\plugins\org.eclipse.justj.openjdk.hotspot.jre.full.win32.x86_64_17.0.10.v20240120-1143\jre\bin\zip.dll
Event: 0.353 Loaded shared library C:\Users\sbemj\Downloads\sts-4.22.0.RELEASE\plugins\org.eclipse.justj.openjdk.hotspot.jre.full.win32.x86_64_17.0.10.v20240120-1143\jre\bin\management.dll
Event: 0.381 Loaded shared library C:\Users\sbemj\Downloads\sts-4.22.0.RELEASE\plugins\org.eclipse.justj.openjdk.hotspot.jre.full.win32.x86_64_17.0.10.v20240120-1143\jre\bin\management_ext.dll
Event: 0.752 Loaded shared library C:\Users\sbemj\Downloads\sts-4.22.0.RELEASE\plugins\org.eclipse.justj.openjdk.hotspot.jre.full.win32.x86_64_17.0.10.v20240120-1143\jre\bin\extnet.dll
Event: 1.934 Loaded shared library C:\Users\sbemj\Downloads\sts-4.22.0.RELEASE\plugins\org.eclipse.justj.openjdk.hotspot.jre.full.win32.x86_64_17.0.10.v20240120-1143\jre\bin\sunmscapi.dll

Deoptimization events (4 events):
Event: 4.259 Thread 0x0000028db1384530 DEOPT PACKING pc=0x0000028d9d4e51d2 sp=0x000000a8799fd8b0
Event: 4.259 Thread 0x0000028db1384530 DEOPT UNPACKING pc=0x0000028d9cf17143 sp=0x000000a8799fcdb8 mode 3
Event: 4.259 Thread 0x0000028db1384530 DEOPT PACKING pc=0x0000028d9d48f965 sp=0x000000a8799fd870
Event: 4.259 Thread 0x0000028db1384530 DEOPT UNPACKING pc=0x0000028d9cf17143 sp=0x000000a8799fcdb8 mode 3

Classes unloaded (0 events):
No events

Classes redefined (0 events):
No events

Internal exceptions (20 events):
Event: 4.435 Thread 0x0000028db1384530 Exception <a 'java/lang/NoSuchMethodError'{0x000000070cca6148}: 'java.lang.Object java.lang.invoke.DirectMethodHandle$Holder.invokeSpecial(java.lang.Object, java.lang.Object, java.lang.Object, int, java.lang.Object, int)'> (0x000000070cca6148) 
thrown [s\src\hotspot\share\interpreter\linkResolver.cpp, line 759]
Event: 4.568 Thread 0x0000028db268aba0 Exception <a 'java/lang/NoSuchMethodError'{0x0000000719f66ce0}: 'java.lang.Object java.lang.invoke.DirectMethodHandle$Holder.invokeSpecial(java.lang.Object, java.lang.Object, java.lang.Object, java.lang.Object, java.lang.Object, long)'> (0x0000000719f66ce0) 
thrown [s\src\hotspot\share\interpreter\linkResolver.cpp, line 759]
Event: 4.568 Thread 0x0000028db268aba0 Exception <a 'java/lang/NoSuchMethodError'{0x0000000719f6a720}: 'java.lang.Object java.lang.invoke.Invokers$Holder.linkToTargetMethod(java.lang.Object, java.lang.Object, java.lang.Object, long, java.lang.Object)'> (0x0000000719f6a720) 
thrown [s\src\hotspot\share\interpreter\linkResolver.cpp, line 759]
Event: 4.879 Thread 0x0000028db2688d40 Exception <a 'sun/nio/fs/WindowsException'{0x00000007130964f0}> (0x00000007130964f0) 
thrown [s\src\hotspot\share\prims\jni.cpp, line 516]
Event: 5.155 Thread 0x0000028db268aba0 Exception <a 'java/io/IOException'{0x00000007128d3278}> (0x00000007128d3278) 
thrown [s\src\hotspot\share\prims\jni.cpp, line 516]
Event: 5.155 Thread 0x0000028db2688d40 Exception <a 'java/io/IOException'{0x00000007128b7078}> (0x00000007128b7078) 
thrown [s\src\hotspot\share\prims\jni.cpp, line 516]
Event: 5.155 Thread 0x0000028db268aba0 Exception <a 'java/lang/NoSuchMethodError'{0x00000007128d7648}: 'void java.lang.invoke.DirectMethodHandle$Holder.invokeInterface(java.lang.Object, java.lang.Object)'> (0x00000007128d7648) 
thrown [s\src\hotspot\share\interpreter\linkResolver.cpp, line 759]
Event: 5.155 Thread 0x0000028db2688d40 Exception <a 'java/lang/NoSuchMethodError'{0x00000007128e9f38}: 'void java.lang.invoke.DirectMethodHandle$Holder.invokeInterface(java.lang.Object, java.lang.Object)'> (0x00000007128e9f38) 
thrown [s\src\hotspot\share\interpreter\linkResolver.cpp, line 759]
Event: 5.248 Thread 0x0000028db26873f0 Exception <a 'java/io/IOException'{0x00000007124cfa90}> (0x00000007124cfa90) 
thrown [s\src\hotspot\share\prims\jni.cpp, line 516]
Event: 5.942 Thread 0x0000028db2685fb0 Exception <a 'java/io/IOException'{0x00000007122855f0}> (0x00000007122855f0) 
thrown [s\src\hotspot\share\prims\jni.cpp, line 516]
Event: 5.953 Thread 0x0000028db268b0b0 Exception <a 'java/io/IOException'{0x00000007122b2108}> (0x00000007122b2108) 
thrown [s\src\hotspot\share\prims\jni.cpp, line 516]
Event: 5.983 Thread 0x0000028db268b0b0 Exception <a 'java/io/IOException'{0x0000000712357fa0}> (0x0000000712357fa0) 
thrown [s\src\hotspot\share\prims\jni.cpp, line 516]
Event: 7.642 Thread 0x0000028db2685080 Exception <a 'java/net/SocketException'{0x00000007120157a0}: Connection reset by peer: shutdown> (0x00000007120157a0) 
thrown [s\src\hotspot\share\prims\jni.cpp, line 535]
Event: 7.670 Thread 0x0000028db2685080 Exception <a 'java/io/IOException'{0x0000000712099950}> (0x0000000712099950) 
thrown [s\src\hotspot\share\prims\jni.cpp, line 516]
Event: 9.315 Thread 0x0000028db268c4f0 Exception <a 'java/io/IOException'{0x00000007121ae188}> (0x00000007121ae188) 
thrown [s\src\hotspot\share\prims\jni.cpp, line 516]
Event: 21.499 Thread 0x0000028db2685590 Exception <a 'java/io/IOException'{0x0000000711c337d8}> (0x0000000711c337d8) 
thrown [s\src\hotspot\share\prims\jni.cpp, line 516]
Event: 22.819 Thread 0x0000028db268b5c0 Exception <a 'java/io/IOException'{0x0000000711d2fdc8}> (0x0000000711d2fdc8) 
thrown [s\src\hotspot\share\prims\jni.cpp, line 516]
Event: 66.125 Thread 0x0000028db2688830 Exception <a 'java/lang/NoSuchMethodError'{0x00000007118c0760}: 'java.lang.Object java.lang.invoke.DirectMethodHandle$Holder.newInvokeSpecial(java.lang.Object, java.lang.Object, int, java.lang.Object)'> (0x00000007118c0760) 
thrown [s\src\hotspot\share\interpreter\linkResolver.cpp, line 759]
Event: 66.126 Thread 0x0000028db2688830 Exception <a 'java/lang/NoSuchMethodError'{0x00000007118c4080}: 'java.lang.Object java.lang.invoke.Invokers$Holder.linkToTargetMethod(java.lang.Object, int, java.lang.Object, java.lang.Object)'> (0x00000007118c4080) 
thrown [s\src\hotspot\share\interpreter\linkResolver.cpp, line 759]
Event: 66.169 Thread 0x0000028db13826d0 Exception <a 'java/lang/InterruptedException'{0x0000000711930280}: sleep interrupted> (0x0000000711930280) 
thrown [s\src\hotspot\share\prims\jvm.cpp, line 3064]

VM Operations (20 events):
Event: 5.158 Executing VM operation: HandshakeAllThreads done
Event: 5.949 Executing VM operation: ICBufferFull
Event: 5.950 Executing VM operation: ICBufferFull done
Event: 6.958 Executing VM operation: Cleanup
Event: 6.958 Executing VM operation: Cleanup done
Event: 7.967 Executing VM operation: Cleanup
Event: 7.967 Executing VM operation: Cleanup done
Event: 9.991 Executing VM operation: Cleanup
Event: 9.991 Executing VM operation: Cleanup done
Event: 22.108 Executing VM operation: Cleanup
Event: 22.108 Executing VM operation: Cleanup done
Event: 23.119 Executing VM operation: Cleanup
Event: 23.119 Executing VM operation: Cleanup done
Event: 37.245 Executing VM operation: Cleanup
Event: 37.245 Executing VM operation: Cleanup done
Event: 52.376 Executing VM operation: Cleanup
Event: 52.376 Executing VM operation: Cleanup done
Event: 60.133 Executing VM operation: HandshakeAllThreads
Event: 60.133 Executing VM operation: HandshakeAllThreads done
Event: 66.169 Executing VM operation: G1CollectFull

Events (20 events):
Event: 66.122 Thread 0x0000028db1383b10 Thread exited: 0x0000028db1383b10
Event: 66.148 Thread 0x0000028db2686ee0 Thread exited: 0x0000028db2686ee0
Event: 66.149 Thread 0x0000028db2687900 Thread exited: 0x0000028db2687900
Event: 66.150 Thread 0x0000028db268b0b0 Thread exited: 0x0000028db268b0b0
Event: 66.150 Thread 0x0000028db2688d40 Thread exited: 0x0000028db2688d40
Event: 66.150 Thread 0x0000028db268c4f0 Thread exited: 0x0000028db268c4f0
Event: 66.150 Thread 0x0000028db268aba0 Thread exited: 0x0000028db268aba0
Event: 66.150 Thread 0x0000028db26873f0 Thread exited: 0x0000028db26873f0
Event: 66.150 Thread 0x0000028db2685fb0 Thread exited: 0x0000028db2685fb0
Event: 66.150 Thread 0x0000028db2685080 Thread exited: 0x0000028db2685080
Event: 66.150 Thread 0x0000028db2685aa0 Thread exited: 0x0000028db2685aa0
Event: 66.150 Thread 0x0000028db2685590 Thread exited: 0x0000028db2685590
Event: 66.150 Thread 0x0000028db268b5c0 Thread exited: 0x0000028db268b5c0
Event: 66.167 loading class java/util/WeakHashMap$KeyIterator
Event: 66.167 loading class java/util/WeakHashMap$HashIterator
Event: 66.168 loading class java/util/WeakHashMap$HashIterator done
Event: 66.168 loading class java/util/WeakHashMap$KeyIterator done
Event: 66.169 Thread 0x0000028db1381cb0 Thread exited: 0x0000028db1381cb0
Event: 66.169 Thread 0x0000028db1381290 Thread exited: 0x0000028db1381290
Event: 66.169 Thread 0x0000028db13826d0 Thread exited: 0x0000028db13826d0


Dynamic libraries:
0x00007ff71fe70000 - 0x00007ff71fe7e000 	C:\Users\sbemj\Downloads\sts-4.22.0.RELEASE\plugins\org.eclipse.justj.openjdk.hotspot.jre.full.win32.x86_64_17.0.10.v20240120-1143\jre\bin\javaw.exe
0x00007ffc33c10000 - 0x00007ffc33e27000 	C:\WINDOWS\SYSTEM32\ntdll.dll
0x00007ffc32a50000 - 0x00007ffc32b14000 	C:\WINDOWS\System32\KERNEL32.DLL
0x00007ffc312d0000 - 0x00007ffc31677000 	C:\WINDOWS\System32\KERNELBASE.dll
0x00007ffc31820000 - 0x00007ffc31931000 	C:\WINDOWS\System32\ucrtbase.dll
0x00007ffc295e0000 - 0x00007ffc295fb000 	C:\Users\sbemj\Downloads\sts-4.22.0.RELEASE\plugins\org.eclipse.justj.openjdk.hotspot.jre.full.win32.x86_64_17.0.10.v20240120-1143\jre\bin\VCRUNTIME140.dll
0x00007ffc224b0000 - 0x00007ffc224c7000 	C:\Users\sbemj\Downloads\sts-4.22.0.RELEASE\plugins\org.eclipse.justj.openjdk.hotspot.jre.full.win32.x86_64_17.0.10.v20240120-1143\jre\bin\jli.dll
0x00007ffc32f80000 - 0x00007ffc3312e000 	C:\WINDOWS\System32\USER32.dll
0x00007ffc0d150000 - 0x00007ffc0d3e3000 	C:\WINDOWS\WinSxS\amd64_microsoft.windows.common-controls_6595b64144ccf1df_6.0.22621.3527_none_270e469b73872a76\COMCTL32.dll
0x00007ffc31680000 - 0x00007ffc316a6000 	C:\WINDOWS\System32\win32u.dll
0x00007ffc33b20000 - 0x00007ffc33bc7000 	C:\WINDOWS\System32\msvcrt.dll
0x00007ffc31ae0000 - 0x00007ffc31b09000 	C:\WINDOWS\System32\GDI32.dll
0x00007ffc31000000 - 0x00007ffc31119000 	C:\WINDOWS\System32\gdi32full.dll
0x00007ffc30f60000 - 0x00007ffc30ffa000 	C:\WINDOWS\System32\msvcp_win.dll
0x00007ffc31d40000 - 0x00007ffc31d71000 	C:\WINDOWS\System32\IMM32.DLL
0x00007ffc2a5c0000 - 0x00007ffc2a5cc000 	C:\Users\sbemj\Downloads\sts-4.22.0.RELEASE\plugins\org.eclipse.justj.openjdk.hotspot.jre.full.win32.x86_64_17.0.10.v20240120-1143\jre\bin\vcruntime140_1.dll
0x00007ffc0c5f0000 - 0x00007ffc0c67d000 	C:\Users\sbemj\Downloads\sts-4.22.0.RELEASE\plugins\org.eclipse.justj.openjdk.hotspot.jre.full.win32.x86_64_17.0.10.v20240120-1143\jre\bin\msvcp140.dll
0x00007ffbafcc0000 - 0x00007ffbb0922000 	C:\Users\sbemj\Downloads\sts-4.22.0.RELEASE\plugins\org.eclipse.justj.openjdk.hotspot.jre.full.win32.x86_64_17.0.10.v20240120-1143\jre\bin\server\jvm.dll
0x00007ffc31940000 - 0x00007ffc319f2000 	C:\WINDOWS\System32\ADVAPI32.dll
0x00007ffc329a0000 - 0x00007ffc32a48000 	C:\WINDOWS\System32\sechost.dll
0x00007ffc30f30000 - 0x00007ffc30f58000 	C:\WINDOWS\System32\bcrypt.dll
0x00007ffc331e0000 - 0x00007ffc332f5000 	C:\WINDOWS\System32\RPCRT4.dll
0x00007ffc29100000 - 0x00007ffc29134000 	C:\WINDOWS\SYSTEM32\WINMM.dll
0x00007ffc22520000 - 0x00007ffc22529000 	C:\WINDOWS\SYSTEM32\WSOCK32.dll
0x00007ffc30c40000 - 0x00007ffc30c8d000 	C:\WINDOWS\SYSTEM32\POWRPROF.dll
0x00007ffc27170000 - 0x00007ffc2717a000 	C:\WINDOWS\SYSTEM32\VERSION.dll
0x00007ffc31d80000 - 0x00007ffc31df1000 	C:\WINDOWS\System32\WS2_32.dll
0x00007ffc30c20000 - 0x00007ffc30c33000 	C:\WINDOWS\SYSTEM32\UMPDC.dll
0x00007ffc2fef0000 - 0x00007ffc2ff08000 	C:\WINDOWS\SYSTEM32\kernel.appcore.dll
0x00007ffc22510000 - 0x00007ffc2251a000 	C:\Users\sbemj\Downloads\sts-4.22.0.RELEASE\plugins\org.eclipse.justj.openjdk.hotspot.jre.full.win32.x86_64_17.0.10.v20240120-1143\jre\bin\jimage.dll
0x00007ffc2ead0000 - 0x00007ffc2ed02000 	C:\WINDOWS\SYSTEM32\DBGHELP.DLL
0x00007ffc33790000 - 0x00007ffc33b18000 	C:\WINDOWS\System32\combase.dll
0x00007ffc31a00000 - 0x00007ffc31ad7000 	C:\WINDOWS\System32\OLEAUT32.dll
0x00007ffc23ec0000 - 0x00007ffc23ef2000 	C:\WINDOWS\SYSTEM32\dbgcore.DLL
0x00007ffc311e0000 - 0x00007ffc31259000 	C:\WINDOWS\System32\bcryptPrimitives.dll
0x00007ffc224d0000 - 0x00007ffc224f5000 	C:\Users\sbemj\Downloads\sts-4.22.0.RELEASE\plugins\org.eclipse.justj.openjdk.hotspot.jre.full.win32.x86_64_17.0.10.v20240120-1143\jre\bin\java.dll
0x00007ffc22490000 - 0x00007ffc224a8000 	C:\Users\sbemj\Downloads\sts-4.22.0.RELEASE\plugins\org.eclipse.justj.openjdk.hotspot.jre.full.win32.x86_64_17.0.10.v20240120-1143\jre\bin\zip.dll
0x00007ffc31fb0000 - 0x00007ffc3280c000 	C:\WINDOWS\System32\SHELL32.dll
0x00007ffc2ee70000 - 0x00007ffc2f766000 	C:\WINDOWS\SYSTEM32\windows.storage.dll
0x00007ffc2ed10000 - 0x00007ffc2ee4e000 	C:\WINDOWS\SYSTEM32\wintypes.dll
0x00007ffc32c80000 - 0x00007ffc32d75000 	C:\WINDOWS\System32\SHCORE.dll
0x00007ffc32c20000 - 0x00007ffc32c7e000 	C:\WINDOWS\System32\shlwapi.dll
0x00007ffc30e60000 - 0x00007ffc30e81000 	C:\WINDOWS\SYSTEM32\profapi.dll
0x00007ffc15060000 - 0x00007ffc15079000 	C:\Users\sbemj\Downloads\sts-4.22.0.RELEASE\plugins\org.eclipse.justj.openjdk.hotspot.jre.full.win32.x86_64_17.0.10.v20240120-1143\jre\bin\net.dll
0x00007ffc2ac70000 - 0x00007ffc2ada6000 	C:\WINDOWS\SYSTEM32\WINHTTP.dll
0x00007ffc303c0000 - 0x00007ffc30429000 	C:\WINDOWS\system32\mswsock.dll
0x00007ffc10460000 - 0x00007ffc10476000 	C:\Users\sbemj\Downloads\sts-4.22.0.RELEASE\plugins\org.eclipse.justj.openjdk.hotspot.jre.full.win32.x86_64_17.0.10.v20240120-1143\jre\bin\nio.dll
0x00007ffc1ccf0000 - 0x00007ffc1ccf9000 	C:\Users\sbemj\Downloads\sts-4.22.0.RELEASE\plugins\org.eclipse.justj.openjdk.hotspot.jre.full.win32.x86_64_17.0.10.v20240120-1143\jre\bin\management.dll
0x00007ffc1b650000 - 0x00007ffc1b65b000 	C:\Users\sbemj\Downloads\sts-4.22.0.RELEASE\plugins\org.eclipse.justj.openjdk.hotspot.jre.full.win32.x86_64_17.0.10.v20240120-1143\jre\bin\management_ext.dll
0x00007ffc32970000 - 0x00007ffc32978000 	C:\WINDOWS\System32\PSAPI.DLL
0x00007ffc15560000 - 0x00007ffc15577000 	C:\WINDOWS\system32\napinsp.dll
0x00007ffc149c0000 - 0x00007ffc149db000 	C:\WINDOWS\system32\pnrpnsp.dll
0x00007ffc2fa00000 - 0x00007ffc2faf8000 	C:\WINDOWS\SYSTEM32\DNSAPI.dll
0x00007ffc2f9d0000 - 0x00007ffc2f9fd000 	C:\WINDOWS\SYSTEM32\IPHLPAPI.DLL
0x00007ffc32990000 - 0x00007ffc32999000 	C:\WINDOWS\System32\NSI.dll
0x00007ffc13250000 - 0x00007ffc13261000 	C:\WINDOWS\System32\winrnr.dll
0x00007ffc29140000 - 0x00007ffc29155000 	C:\WINDOWS\system32\wshbth.dll
0x00007ffc13200000 - 0x00007ffc13227000 	C:\WINDOWS\system32\nlansp_c.dll
0x00007ffc290f0000 - 0x00007ffc290fa000 	C:\Windows\System32\rasadhlp.dll
0x00007ffc29390000 - 0x00007ffc29413000 	C:\WINDOWS\System32\fwpuclnt.dll
0x00007ffc30620000 - 0x00007ffc3063b000 	C:\WINDOWS\SYSTEM32\CRYPTSP.dll
0x00007ffc2feb0000 - 0x00007ffc2fee5000 	C:\WINDOWS\system32\rsaenh.dll
0x00007ffc304c0000 - 0x00007ffc304e8000 	C:\WINDOWS\SYSTEM32\USERENV.dll
0x00007ffc30640000 - 0x00007ffc3064c000 	C:\WINDOWS\SYSTEM32\CRYPTBASE.dll
0x00007ffc2ab30000 - 0x00007ffc2ab49000 	C:\WINDOWS\SYSTEM32\dhcpcsvc6.DLL
0x00007ffc2ab50000 - 0x00007ffc2ab6f000 	C:\WINDOWS\SYSTEM32\dhcpcsvc.DLL
0x00007ffc2a5d0000 - 0x00007ffc2a5d9000 	C:\Users\sbemj\Downloads\sts-4.22.0.RELEASE\plugins\org.eclipse.justj.openjdk.hotspot.jre.full.win32.x86_64_17.0.10.v20240120-1143\jre\bin\extnet.dll
0x00007ffc22530000 - 0x00007ffc2253e000 	C:\Users\sbemj\Downloads\sts-4.22.0.RELEASE\plugins\org.eclipse.justj.openjdk.hotspot.jre.full.win32.x86_64_17.0.10.v20240120-1143\jre\bin\sunmscapi.dll
0x00007ffc316b0000 - 0x00007ffc31818000 	C:\WINDOWS\System32\CRYPT32.dll
0x00007ffc307e0000 - 0x00007ffc3080e000 	C:\WINDOWS\SYSTEM32\ncrypt.dll
0x00007ffc307a0000 - 0x00007ffc307d7000 	C:\WINDOWS\SYSTEM32\NTASN1.dll
0x00007ffc29340000 - 0x00007ffc29348000 	C:\WINDOWS\system32\wshunix.dll

dbghelp: loaded successfully - version: 4.0.5 - missing functions: none
symbol engine: initialized successfully - sym options: 0x614 - pdb path: .;C:\Users\sbemj\Downloads\sts-4.22.0.RELEASE\plugins\org.eclipse.justj.openjdk.hotspot.jre.full.win32.x86_64_17.0.10.v20240120-1143\jre\bin;C:\WINDOWS\SYSTEM32;C:\WINDOWS\WinSxS\amd64_microsoft.windows.common-controls_6595b64144ccf1df_6.0.22621.3527_none_270e469b73872a76;C:\Users\sbemj\Downloads\sts-4.22.0.RELEASE\plugins\org.eclipse.justj.openjdk.hotspot.jre.full.win32.x86_64_17.0.10.v20240120-1143\jre\bin\server

VM Arguments:
jvm_args: -Dcom.sun.management.jmxremote -Dcom.sun.management.jmxremote.port=52271 -Dcom.sun.management.jmxremote.authenticate=false -Dcom.sun.management.jmxremote.ssl=false -Djava.rmi.server.hostname=localhost -Dspring.jmx.enabled=true -Dmanagement.endpoints.jmx.exposure.include=* -Dspring.application.admin.enabled=true -XX:TieredStopAtLevel=1 -Dspring.boot.project.name=EnjoyTrip_Backend_Final -Dfile.encoding=UTF-8 -Dstdout.encoding=UTF-8 -Dstderr.encoding=UTF-8 -XX:+ShowCodeDetailsInExceptionMessages 
java_command: com.ssafy.enjoytrip.EnjoyTripBackendFinalApplication --spring.output.ansi.enabled=always
java_class_path (initial): C:\ssafy\final-back\EnjoyTrip_Backend_Final\target\classes;C:\Users\sbemj\.m2\repository\org\springframework\boot\spring-boot-starter-web\3.2.5\spring-boot-starter-web-3.2.5.jar;C:\Users\sbemj\.m2\repository\org\springframework\boot\spring-boot-starter\3.2.5\spring-boot-starter-3.2.5.jar;C:\Users\sbemj\.m2\repository\org\springframework\boot\spring-boot-starter-logging\3.2.5\spring-boot-starter-logging-3.2.5.jar;C:\Users\sbemj\.m2\repository\ch\qos\logback\logback-classic\1.4.14\logback-classic-1.4.14.jar;C:\Users\sbemj\.m2\repository\ch\qos\logback\logback-core\1.4.14\logback-core-1.4.14.jar;C:\Users\sbemj\.m2\repository\org\apache\logging\log4j\log4j-to-slf4j\2.21.1\log4j-to-slf4j-2.21.1.jar;C:\Users\sbemj\.m2\repository\org\apache\logging\log4j\log4j-api\2.21.1\log4j-api-2.21.1.jar;C:\Users\sbemj\.m2\repository\org\slf4j\jul-to-slf4j\2.0.13\jul-to-slf4j-2.0.13.jar;C:\Users\sbemj\.m2\repository\jakarta\annotation\jakarta.annotation-api\2.1.1\jakarta.annotation-api-2.1.1.jar;C:\Users\sbemj\.m2\repository\org\yaml\snakeyaml\2.2\snakeyaml-2.2.jar;C:\Users\sbemj\.m2\repository\org\springframework\boot\spring-boot-starter-json\3.2.5\spring-boot-starter-json-3.2.5.jar;C:\Users\sbemj\.m2\repository\com\fasterxml\jackson\core\jackson-databind\2.15.4\jackson-databind-2.15.4.jar;C:\Users\sbemj\.m2\repository\com\fasterxml\jackson\core\jackson-annotations\2.15.4\jackson-annotations-2.15.4.jar;C:\Users\sbemj\.m2\repository\com\fasterxml\jackson\core\jackson-core\2.15.4\jackson-core-2.15.4.jar;C:\Users\sbemj\.m2\repository\com\fasterxml\jackson\datatype\jackson-datatype-jdk8\2.15.4\jackson-datatype-jdk8-2.15.4.jar;C:\Users\sbemj\.m2\repository\com\fasterxml\jackson\datatype\jackson-datatype-jsr310\2.15.4\jackson-datatype-jsr310-2.15.4.jar;C:\Users\sbemj\.m2\repository\com\fasterxml\jackson\module\jackson-module-parameter-names\2.15.4\jackson-module-parameter-names-2.15.4.jar;C:\Users\sbemj\.m2\repository\org\springframework\boot\spring-boot-starter
Launcher Type: SUN_STANDARD

[Global flags]
     intx CICompilerCount                          = 12                                        {product} {ergonomic}
     uint ConcGCThreads                            = 3                                         {product} {ergonomic}
     uint G1ConcRefinementThreads                  = 13                                        {product} {ergonomic}
   size_t G1HeapRegionSize                         = 2097152                                   {product} {ergonomic}
    uintx GCDrainStackTargetSize                   = 64                                        {product} {ergonomic}
   size_t InitialHeapSize                          = 257949696                                 {product} {ergonomic}
     bool ManagementServer                         = true                                      {product} {command line}
   size_t MarkStackSize                            = 4194304                                   {product} {ergonomic}
   size_t MaxHeapSize                              = 4116709376                                {product} {ergonomic}
   size_t MaxNewSize                               = 2468347904                                {product} {ergonomic}
   size_t MinHeapDeltaBytes                        = 2097152                                   {product} {ergonomic}
   size_t MinHeapSize                              = 8388608                                   {product} {ergonomic}
    uintx NonProfiledCodeHeapSize                  = 0                                      {pd product} {ergonomic}
     bool ProfileInterpreter                       = false                                  {pd product} {command line}
    uintx ProfiledCodeHeapSize                     = 0                                      {pd product} {ergonomic}
     bool ShowCodeDetailsInExceptionMessages       = true                                   {manageable} {command line}
   size_t SoftMaxHeapSize                          = 4116709376                             {manageable} {ergonomic}
     intx TieredStopAtLevel                        = 1                                         {product} {command line}
     bool UseCompressedClassPointers               = true                           {product lp64_product} {ergonomic}
     bool UseCompressedOops                        = true                           {product lp64_product} {ergonomic}
     bool UseG1GC                                  = true                                      {product} {ergonomic}
     bool UseLargePagesIndividualAllocation        = false                                  {pd product} {ergonomic}

Logging:
Log output configuration:
 #0: stdout all=warning uptime,level,tags
 #1: stderr all=off uptime,level,tags

Environment Variables:
JAVA_HOME=C:\Program Files\BellSoft\LibericaJDK-17\
PATH=C:/Users/sbemj/Downloads/sts-4.22.0.RELEASE//plugins/org.eclipse.justj.openjdk.hotspot.jre.full.win32.x86_64_17.0.10.v20240120-1143/jre/bin/server;C:/Users/sbemj/Downloads/sts-4.22.0.RELEASE//plugins/org.eclipse.justj.openjdk.hotspot.jre.full.win32.x86_64_17.0.10.v20240120-1143/jre/bin;C:\Program Files\BellSoft\LibericaJDK-17\bin\;C:\WINDOWS\system32;C:\WINDOWS;C:\WINDOWS\System32\Wbem;C:\WINDOWS\System32\WindowsPowerShell\v1.0\;C:\WINDOWS\System32\OpenSSH\;C:\Program Files\Git\cmd;C:\Program Files\nodejs\;C:\Users\sbemj\AppData\Local\Microsoft\WindowsApps;;C:\Program Files\JetBrains\IntelliJ IDEA Community Edition 2024.1\bin;;C:\Users\sbemj\AppData\Local\Programs\Microsoft VS Code\bin;C:\Users\sbemj\AppData\Roaming\npm;C:\Users\sbemj\Downloads\sts-4.22.0.RELEASE;
USERNAME=sbemj
OS=Windows_NT
PROCESSOR_IDENTIFIER=AMD64 Family 23 Model 96 Stepping 1, AuthenticAMD
TMP=C:\Users\sbemj\AppData\Local\Temp
TEMP=C:\Users\sbemj\AppData\Local\Temp



Periodic native trim disabled


---------------  S Y S T E M  ---------------

OS:
 Windows 11 , 64 bit Build 22621 (10.0.22621.3527)
OS uptime: 1 days 15:30 hours

CPU: total 16 (initial active 16) (16 cores per cpu, 2 threads per core) family 23 model 96 stepping 1 microcode 0x0, cx8, cmov, fxsr, ht, mmx, 3dnowpref, sse, sse2, sse3, ssse3, sse4a, sse4.1, sse4.2, popcnt, lzcnt, tsc, tscinvbit, avx, avx2, aes, clmul, bmi1, bmi2, adx, sha, fma, vzeroupper, clflush, clflushopt
Processor Information for processor 0
  Max Mhz: 1700, Current Mhz: 1700, Mhz Limit: 1700
Processor Information for processor 1
  Max Mhz: 1700, Current Mhz: 1700, Mhz Limit: 1700
Processor Information for processor 2
  Max Mhz: 1700, Current Mhz: 1700, Mhz Limit: 1700
Processor Information for processor 3
  Max Mhz: 1700, Current Mhz: 1700, Mhz Limit: 1700
Processor Information for processor 4
  Max Mhz: 1700, Current Mhz: 1700, Mhz Limit: 1700
Processor Information for processor 5
  Max Mhz: 1700, Current Mhz: 1700, Mhz Limit: 1700
Processor Information for processor 6
  Max Mhz: 1700, Current Mhz: 1700, Mhz Limit: 1700
Processor Information for processor 7
  Max Mhz: 1700, Current Mhz: 1700, Mhz Limit: 1700
Processor Information for processor 8
  Max Mhz: 1700, Current Mhz: 1400, Mhz Limit: 1700
Processor Information for processor 9
  Max Mhz: 1700, Current Mhz: 1400, Mhz Limit: 1700
Processor Information for processor 10
  Max Mhz: 1700, Current Mhz: 1400, Mhz Limit: 1700
Processor Information for processor 11
  Max Mhz: 1700, Current Mhz: 1400, Mhz Limit: 1700
Processor Information for processor 12
  Max Mhz: 1700, Current Mhz: 1400, Mhz Limit: 1700
Processor Information for processor 13
  Max Mhz: 1700, Current Mhz: 1400, Mhz Limit: 1700
Processor Information for processor 14
  Max Mhz: 1700, Current Mhz: 1400, Mhz Limit: 1700
Processor Information for processor 15
  Max Mhz: 1700, Current Mhz: 1400, Mhz Limit: 1700

Memory: 4k page, system-wide physical 15697M (7788M free)
TotalPageFile size 16721M (AvailPageFile size 5185M)
current process WorkingSet (physical memory assigned to process): 221M, peak: 221M
current process commit charge ("private bytes"): 341M, peak: 366M

vm_info: OpenJDK 64-Bit Server VM (17.0.10+7) for windows-amd64 JRE (17.0.10+7), built on Jan 16 2024 23:25:11 by "admin" with MS VC++ 16.10 / 16.11 (VS2019)

END.
